{"logLevel":"debug","message":"multithreading is set to false"}
{"logLevel":"debug","message":"Using reflection to scan dependencies for gauge implementations..."}
SLF4J: Failed to load class "org.slf4j.impl.StaticLoggerBinder".
SLF4J: Defaulting to no-operation (NOP) logger implementation
SLF4J: See http://www.slf4j.org/codes.html#StaticLoggerBinder for further details.
{"logLevel":"debug","message":"gauge-java took 3923milliseconds to load and scan. This should be less than 'runner_connection_timeout' config value."}
{"logLevel":"debug","message":"run 'gauge config runner_connection_timeout' and verify that it is < 3923"}
{"logLevel":"debug","message":"starting gRPC server..."}
{"logLevel":"debug","message":"started gRPC server on port 58758"}
{"logLevel":"info","message":"Listening on port:58758"}
{"logLevel":"debug","message":"Scanning packages for steps"}
{"logLevel":"debug","message":"Comparing 'hepsiburada.StepImplementation.click' and 'hepsiburada.StepImplementation.click'"}
{"logLevel":"debug","message":"Found {} id'li elemente tikla in current project scope."}
{"logLevel":"debug","message":"Comparing 'hepsiburada.StepImplementation.waitForsecond' and 'hepsiburada.StepImplementation.waitForsecond'"}
{"logLevel":"debug","message":"Found {} saniye kadar bekle in current project scope."}
{"logLevel":"debug","message":"Comparing 'hepsiburada.StepImplementation.clickAcceptbutton' and 'hepsiburada.StepImplementation.clickAcceptbutton'"}
{"logLevel":"debug","message":"Found {} id'li element varsa tikla in current project scope."}
{"logLevel":"debug","message":"Comparing 'hepsiburada.StepImplementation.goElement' and 'hepsiburada.StepImplementation.goElement'"}
{"logLevel":"debug","message":"Found {} xpath'li element git in current project scope."}
{"logLevel":"debug","message":"Comparing 'hepsiburada.StepImplementation.clickXpath' and 'hepsiburada.StepImplementation.clickXpath'"}
{"logLevel":"debug","message":"Found {} xpath'li elemente tikla in current project scope."}
{"logLevel":"debug","message":"Comparing 'hepsiburada.StepImplementation.compareList' and 'hepsiburada.StepImplementation.compareList'"}
{"logLevel":"debug","message":"Found string listenin iki elementinin esit oldugunu kontrol et in current project scope."}
{"logLevel":"debug","message":"Comparing 'hepsiburada.StepImplementation.textControl' and 'hepsiburada.StepImplementation.textControl'"}
{"logLevel":"debug","message":"Found {} id'li element {} text değerini içerdiğini kontrol et in current project scope."}
{"logLevel":"debug","message":"Comparing 'hepsiburada.StepImplementation.getTextListId' and 'hepsiburada.StepImplementation.getTextListId'"}
{"logLevel":"debug","message":"Found {} id'li elementin text degeri bir dizine at in current project scope."}
{"logLevel":"debug","message":"Comparing 'hepsiburada.StepImplementation.checkElement' and 'hepsiburada.StepImplementation.checkElement'"}
{"logLevel":"debug","message":"Found {} li elementin oldugu kontrol edilir in current project scope."}
{"logLevel":"debug","message":"Comparing 'hepsiburada.StepImplementation.sendKeys' and 'hepsiburada.StepImplementation.sendKeys'"}
{"logLevel":"debug","message":"Found {} id'li elemente {} text degerini gonder in current project scope."}
{"logLevel":"debug","message":"Comparing 'hepsiburada.StepImplementation.getTextList' and 'hepsiburada.StepImplementation.getTextList'"}
{"logLevel":"debug","message":"Found {} elementin text degeri bir dizine at in current project scope."}
{"logLevel":"debug","message":"Comparing 'hepsiburada.StepImplementation.clickRandomByxpath' and 'hepsiburada.StepImplementation.clickRandomByxpath'"}
{"logLevel":"debug","message":"Found {} li elementi al,bugun veya bugunden sonraki 7 gunden birine tikla in current project scope."}
{"logLevel":"debug","message":"Scanning packages for hooks"}
{"logLevel":"debug","message":"Scanned steps (using static parsing + reflections): "}
{"logLevel":"debug","message":"\t{} id'li elementin text degeri bir dizine at : public void getTextListId(String key) throws Exception"}
{"logLevel":"debug","message":"\tstring listenin iki elementinin esit oldugunu kontrol et : public void compareList()"}
{"logLevel":"debug","message":"\t{} xpath'li elemente tikla : public void clickXpath(String element) throws Exception"}
{"logLevel":"debug","message":"\t{} li elementi al,bugun veya bugunden sonraki 7 gunden birine tikla : public void clickRandomByxpath(String xpath) throws Exception"}
{"logLevel":"debug","message":"\t{} id'li element varsa tikla : public void clickAcceptbutton(String element) throws Exception"}
{"logLevel":"debug","message":"\t{} id'li element {} text değerini içerdiğini kontrol et : public void textControl(String key, String keyword) throws Exception"}
{"logLevel":"debug","message":"\t{} li elementin oldugu kontrol edilir : public void checkElement(String element) throws Exception"}
{"logLevel":"debug","message":"\t{} id'li elemente tikla : public void click(String element) throws Exception"}
{"logLevel":"debug","message":"\t{} saniye kadar bekle : public void waitForsecond(ınt second) throws Exception"}
{"logLevel":"debug","message":"\t{} id'li elemente {} text degerini gonder : public void sendKeys(String id, String text) throws Exception"}
{"logLevel":"debug","message":"\t{} elementin text degeri bir dizine at : public void getTextList(String key) throws Exception"}
{"logLevel":"debug","message":"\t{} xpath'li element git : public void goElement(String element) throws Exception"}
Nis 18, 2023 3:22:57 PM io.appium.java_client.remote.AppiumCommandExecutor$1 lambda$0
INFO: Detected dialect: W3C
{"logLevel":"debug","message":"Executing '{} id'li elemente tikla' using 'class hepsiburada.StepImplementation.click"}
{"logLevel":"debug","message":"Killing Java runner..."}
{"logLevel":"debug","message":"Stopping execution pool..."}
{"logLevel":"debug","message":"Shutting down grpc server..."}
{"logLevel":"debug","message":"Runner killed gracefully."}
